<?xml version="1.0" encoding="UTF-8"?>
<!-- Generated by org.testng.reporters.JUnitReportReporter -->
<testsuite hostname="Anders" name="Test14EditComplexDirectory" tests="1" failures="0" timestamp="21 Aug 2015 06:35:03 GMT" time="308.176" errors="0">
  <testcase name="editComplexDirectory" time="308.176" classname="Test14EditComplexDirectory"/>
</testsuite> <!-- Test14EditComplexDirectory -->
