<?xml version="1.0" encoding="UTF-8"?>
<!-- Generated by org.testng.reporters.JUnitReportReporter -->
<testsuite hostname="Anders" name="Test12Search" tests="1" failures="0" timestamp="21 Aug 2015 06:35:03 GMT" time="15.033" errors="0">
  <testcase name="search" time="15.033" classname="Test12Search"/>
</testsuite> <!-- Test12Search -->
