<?xml version="1.0" encoding="UTF-8"?>
<!-- Generated by org.testng.reporters.JUnitReportReporter -->
<testsuite hostname="Anders" name="Test1CreatingGroup" tests="1" failures="0" timestamp="21 Aug 2015 12:13:01 GMT" time="121.723" errors="0">
  <testcase name="createGroup" time="121.723" classname="Test1CreatingGroup"/>
</testsuite> <!-- Test1CreatingGroup -->
