<?xml version="1.0" encoding="UTF-8"?>
<!-- Generated by org.testng.reporters.JUnitReportReporter -->
<testsuite hostname="Anders" name="Test3DeleteGroup" tests="1" failures="0" timestamp="21 Aug 2015 06:35:03 GMT" time="77.997" errors="0">
  <testcase name="deleteGroup" time="77.997" classname="Test3DeleteGroup"/>
</testsuite> <!-- Test3DeleteGroup -->
