<?xml version="1.0" encoding="UTF-8"?>
<!-- Generated by org.testng.reporters.JUnitReportReporter -->
<testsuite hostname="Anders" name="Test2EditGroup" tests="1" failures="0" timestamp="21 Aug 2015 06:35:03 GMT" time="134.982" errors="0">
  <testcase name="editGroup" time="134.982" classname="Test2EditGroup"/>
</testsuite> <!-- Test2EditGroup -->
