<?xml version="1.0" encoding="UTF-8"?>
<!-- Generated by org.testng.reporters.JUnitReportReporter -->
<testsuite hostname="Anders" name="Test8CountOfDisplayedItemsOnPage" tests="1" failures="0" timestamp="21 Aug 2015 06:35:03 GMT" time="244.916" errors="0">
  <testcase name="countOfDisplayedItems" time="244.916" classname="Test8CountOfDisplayedItemsOnPage"/>
</testsuite> <!-- Test8CountOfDisplayedItemsOnPage -->
