<?xml version="1.0" encoding="UTF-8"?>
<!-- Generated by org.testng.reporters.JUnitReportReporter -->
<testsuite hostname="Anders" name="Test11DeleteItem" tests="1" failures="0" timestamp="21 Aug 2015 06:35:03 GMT" time="196.619" errors="0">
  <testcase name="deleteItemInDirectory" time="196.619" classname="Test11DeleteItem"/>
</testsuite> <!-- Test11DeleteItem -->
