<?xml version="1.0" encoding="UTF-8"?>
<!-- Generated by org.testng.reporters.JUnitReportReporter -->
<testsuite hostname="Anders" name="Test9AddVersionOfItem" tests="1" failures="0" timestamp="21 Aug 2015 06:35:03 GMT" time="245.577" errors="0">
  <testcase name="addVersionOfItem" time="245.577" classname="Test9AddVersionOfItem"/>
</testsuite> <!-- Test9AddVersionOfItem -->
