<?xml version="1.0" encoding="UTF-8"?>
<!-- Generated by org.testng.reporters.JUnitReportReporter -->
<testsuite hostname="Anders" name="Test13CreateComplexDirectory" tests="1" failures="0" timestamp="21 Aug 2015 06:35:03 GMT" time="135.980" errors="0">
  <testcase name="createComplexDirectory" time="135.980" classname="Test13CreateComplexDirectory"/>
</testsuite> <!-- Test13CreateComplexDirectory -->
