<?xml version="1.0" encoding="UTF-8"?>
<!-- Generated by org.testng.reporters.JUnitReportReporter -->
<testsuite hostname="Anders" name="Test5EditDirectory" tests="1" failures="0" timestamp="21 Aug 2015 06:35:03 GMT" time="186.603" errors="0">
  <testcase name="editDirectory" time="186.603" classname="Test5EditDirectory"/>
</testsuite> <!-- Test5EditDirectory -->
