<?xml version="1.0" encoding="UTF-8"?>
<!-- Generated by org.testng.reporters.JUnitReportReporter -->
<testsuite hostname="Anders" name="Test15ImportDirectory" tests="1" failures="0" timestamp="21 Aug 2015 06:35:03 GMT" time="169.147" errors="0">
  <testcase name="importDirectory" time="169.147" classname="Test15ImportDirectory"/>
</testsuite> <!-- Test15ImportDirectory -->
