<?xml version="1.0" encoding="UTF-8"?>
<!-- Generated by org.testng.reporters.JUnitReportReporter -->
<testsuite hostname="Anders" name="Test16ValidationFields" tests="1" failures="0" timestamp="21 Aug 2015 06:35:03 GMT" time="138.922" errors="0">
  <testcase name="createDirectory" time="138.922" classname="Test16ValidationFields"/>
</testsuite> <!-- Test16ValidationFields -->
