<?xml version="1.0" encoding="UTF-8"?>
<!-- Generated by org.testng.reporters.JUnitReportReporter -->
<testsuite hostname="Anders" name="Test4CreationDirectory" tests="1" failures="0" timestamp="21 Aug 2015 06:35:03 GMT" time="133.137" errors="0">
  <testcase name="createDirectory" time="133.137" classname="Test4CreationDirectory"/>
</testsuite> <!-- Test4CreationDirectory -->
