<?xml version="1.0" encoding="UTF-8"?>
<!-- Generated by org.testng.reporters.JUnitReportReporter -->
<testsuite hostname="Anders" name="Test7NewItemInDirectory" tests="1" failures="0" timestamp="21 Aug 2015 06:35:03 GMT" time="186.747" errors="0">
  <testcase name="addNewItemInDirectory" time="186.747" classname="Test7NewItemInDirectory"/>
</testsuite> <!-- Test7NewItemInDirectory -->
