<?xml version="1.0" encoding="UTF-8"?>
<!-- Generated by org.testng.reporters.JUnitReportReporter -->
<testsuite hostname="Anders" name="Test10ChangeVersion" tests="1" failures="0" timestamp="21 Aug 2015 06:35:03 GMT" time="257.409" errors="0">
  <testcase name="changeVersion" time="257.409" classname="Test10ChangeVersion"/>
</testsuite> <!-- Test10ChangeVersion -->
